# JRE version: Java(TM) SE Runtime Environment (8.0_112-b15) (build 1.8.0_112-b15)
# Java VM: Java HotSpot(TM) 64-Bit Server VM (25.112-b15 mixed mode windows-amd64 compressed oops)
Heap:
 PSYoungGen      total 267264K, used 97291K [0x000000076b500000, 0x000000077d300000, 0x00000007c0000000)
  eden space 257024K, 33% used [0x000000076b500000,0x0000000770a0abd0,0x000000077b000000)
  from space 10240K, 99% used [0x000000077bf00000,0x000000077c8f8040,0x000000077c900000)
  to   space 15360K, 0% used [0x000000077b000000,0x000000077b000000,0x000000077bf00000)
 ParOldGen       total 175104K, used 36944K [0x00000006c1e00000, 0x00000006cc900000, 0x000000076b500000)
  object space 175104K, 21% used [0x00000006c1e00000,0x00000006c4214090,0x00000006cc900000)
 Metaspace       used 7792K, capacity 7901K, committed 8064K, reserved 1056768K
  class space    used 802K, capacity 857K, committed 896K, reserved 1048576K
GC Heap History (10 events):
Event: 1.731 GC heap before
{Heap before GC invocations=2 (full 0):
 PSYoungGen      total 76288K, used 75572K [0x000000076b500000, 0x0000000770a00000, 0x00000007c0000000)
  eden space 65536K, 100% used [0x000000076b500000,0x000000076f500000,0x000000076f500000)
  from space 10752K, 93% used [0x000000076f500000,0x000000076fecd0c8,0x000000076ff80000)
  to   space 10752K, 0% used [0x000000076ff80000,0x000000076ff80000,0x0000000770a00000)
 ParOldGen       total 175104K, used 4112K [0x00000006c1e00000, 0x00000006cc900000, 0x000000076b500000)
  object space 175104K, 2% used [0x00000006c1e00000,0x00000006c2204010,0x00000006cc900000)
 Metaspace       used 7647K, capacity 7773K, committed 8064K, reserved 1056768K
  class space    used 792K, capacity 857K, committed 896K, reserved 1048576K
Event: 1.735 GC heap after
Heap after GC invocations=2 (full 0):
 PSYoungGen      total 76288K, used 9424K [0x000000076b500000, 0x0000000774a00000, 0x00000007c0000000)
  eden space 65536K, 0% used [0x000000076b500000,0x000000076b500000,0x000000076f500000)
  from space 10752K, 87% used [0x000000076ff80000,0x00000007708b4030,0x0000000770a00000)
  to   space 10752K, 0% used [0x000000076f500000,0x000000076f500000,0x000000076ff80000)
 ParOldGen       total 175104K, used 8216K [0x00000006c1e00000, 0x00000006cc900000, 0x000000076b500000)
  object space 175104K, 4% used [0x00000006c1e00000,0x00000006c2606020,0x00000006cc900000)
 Metaspace       used 7647K, capacity 7773K, committed 8064K, reserved 1056768K
  class space    used 792K, capacity 857K, committed 896K, reserved 1048576K
}
Event: 1.813 GC heap before
{Heap before GC invocations=3 (full 0):
 PSYoungGen      total 76288K, used 74960K [0x000000076b500000, 0x0000000774a00000, 0x00000007c0000000)
  eden space 65536K, 100% used [0x000000076b500000,0x000000076f500000,0x000000076f500000)
  from space 10752K, 87% used [0x000000076ff80000,0x00000007708b4030,0x0000000770a00000)
  to   space 10752K, 0% used [0x000000076f500000,0x000000076f500000,0x000000076ff80000)
 ParOldGen       total 175104K, used 8216K [0x00000006c1e00000, 0x00000006cc900000, 0x000000076b500000)
  object space 175104K, 4% used [0x00000006c1e00000,0x00000006c2606020,0x00000006cc900000)
 Metaspace       used 7647K, capacity 7773K, committed 8064K, reserved 1056768K
  class space    used 792K, capacity 857K, committed 896K, reserved 1048576K
Event: 1.817 GC heap after
Heap after GC invocations=3 (full 0):
 PSYoungGen      total 76288K, used 9427K [0x000000076b500000, 0x0000000774a00000, 0x00000007c0000000)
  eden space 65536K, 0% used [0x000000076b500000,0x000000076b500000,0x000000076f500000)
  from space 10752K, 87% used [0x000000076f500000,0x000000076fe34e48,0x000000076ff80000)
  to   space 10752K, 0% used [0x0000000773f80000,0x0000000773f80000,0x0000000774a00000)
 ParOldGen       total 175104K, used 12320K [0x00000006c1e00000, 0x00000006cc900000, 0x000000076b500000)
  object space 175104K, 7% used [0x00000006c1e00000,0x00000006c2a08030,0x00000006cc900000)
 Metaspace       used 7647K, capacity 7773K, committed 8064K, reserved 1056768K
  class space    used 792K, capacity 857K, committed 896K, reserved 1048576K
}
Event: 1.938 GC heap before
{Heap before GC invocations=4 (full 0):
 PSYoungGen      total 76288K, used 74963K [0x000000076b500000, 0x0000000774a00000, 0x00000007c0000000)
  eden space 65536K, 100% used [0x000000076b500000,0x000000076f500000,0x000000076f500000)
  from space 10752K, 87% used [0x000000076f500000,0x000000076fe34e48,0x000000076ff80000)
  to   space 10752K, 0% used [0x0000000773f80000,0x0000000773f80000,0x0000000774a00000)
 ParOldGen       total 175104K, used 12320K [0x00000006c1e00000, 0x00000006cc900000, 0x000000076b500000)
  object space 175104K, 7% used [0x00000006c1e00000,0x00000006c2a08030,0x00000006cc900000)
 Metaspace       used 7690K, capacity 7837K, committed 8064K, reserved 1056768K
  class space    used 797K, capacity 857K, committed 896K, reserved 1048576K
Event: 1.945 GC heap after
Heap after GC invocations=4 (full 0):
 PSYoungGen      total 141824K, used 9424K [0x000000076b500000, 0x0000000774a00000, 0x00000007c0000000)
  eden space 131072K, 0% used [0x000000076b500000,0x000000076b500000,0x0000000773500000)
  from space 10752K, 87% used [0x0000000773f80000,0x00000007748b4030,0x0000000774a00000)
  to   space 10752K, 0% used [0x0000000773500000,0x0000000773500000,0x0000000773f80000)
 ParOldGen       total 175104K, used 24616K [0x00000006c1e00000, 0x00000006cc900000, 0x000000076b500000)
  object space 175104K, 14% used [0x00000006c1e00000,0x00000006c360a060,0x00000006cc900000)
 Metaspace       used 7690K, capacity 7837K, committed 8064K, reserved 1056768K
  class space    used 797K, capacity 857K, committed 896K, reserved 1048576K
}
Event: 2.120 GC heap before
{Heap before GC invocations=5 (full 0):
 PSYoungGen      total 141824K, used 140496K [0x000000076b500000, 0x0000000774a00000, 0x00000007c0000000)
  eden space 131072K, 100% used [0x000000076b500000,0x0000000773500000,0x0000000773500000)
  from space 10752K, 87% used [0x0000000773f80000,0x00000007748b4030,0x0000000774a00000)
  to   space 10752K, 0% used [0x0000000773500000,0x0000000773500000,0x0000000773f80000)
 ParOldGen       total 175104K, used 24616K [0x00000006c1e00000, 0x00000006cc900000, 0x000000076b500000)
  object space 175104K, 14% used [0x00000006c1e00000,0x00000006c360a060,0x00000006cc900000)
 Metaspace       used 7691K, capacity 7837K, committed 8064K, reserved 1056768K
  class space    used 797K, capacity 857K, committed 896K, reserved 1048576K
Event: 2.125 GC heap after
Heap after GC invocations=5 (full 0):
 PSYoungGen      total 141824K, used 9424K [0x000000076b500000, 0x000000077c900000, 0x00000007c0000000)
  eden space 131072K, 0% used [0x000000076b500000,0x000000076b500000,0x0000000773500000)
  from space 10752K, 87% used [0x0000000773500000,0x0000000773e34030,0x0000000773f80000)
  to   space 10240K, 0% used [0x000000077bf00000,0x000000077bf00000,0x000000077c900000)
 ParOldGen       total 175104K, used 28720K [0x00000006c1e00000, 0x00000006cc900000, 0x000000076b500000)
  object space 175104K, 16% used [0x00000006c1e00000,0x00000006c3a0c070,0x00000006cc900000)
 Metaspace       used 7691K, capacity 7837K, committed 8064K, reserved 1056768K
  class space    used 797K, capacity 857K, committed 896K, reserved 1048576K
}
Event: 2.494 GC heap before
{Heap before GC invocations=6 (full 0):
 PSYoungGen      total 141824K, used 140496K [0x000000076b500000, 0x000000077c900000, 0x00000007c0000000)
  eden space 131072K, 100% used [0x000000076b500000,0x0000000773500000,0x0000000773500000)
  from space 10752K, 87% used [0x0000000773500000,0x0000000773e34030,0x0000000773f80000)
  to   space 10240K, 0% used [0x000000077bf00000,0x000000077bf00000,0x000000077c900000)
 ParOldGen       total 175104K, used 28720K [0x00000006c1e00000, 0x00000006cc900000, 0x000000076b500000)
  object space 175104K, 16% used [0x00000006c1e00000,0x00000006c3a0c070,0x00000006cc900000)
 Metaspace       used 7747K, capacity 7901K, committed 8064K, reserved 1056768K
  class space    used 801K, capacity 857K, committed 896K, reserved 1048576K
Event: 2.502 GC heap after
Heap after GC invocations=6 (full 0):
 PSYoungGen      total 267264K, used 10208K [0x000000076b500000, 0x000000077d300000, 0x00000007c0000000)
  eden space 257024K, 0% used [0x000000076b500000,0x000000076b500000,0x000000077b000000)
  from space 10240K, 99% used [0x000000077bf00000,0x000000077c8f8040,0x000000077c900000)
  to   space 15360K, 0% used [0x000000077b000000,0x000000077b000000,0x000000077bf00000)
 ParOldGen       total 175104K, used 36944K [0x00000006c1e00000, 0x00000006cc900000, 0x000000076b500000)
  object space 175104K, 21% used [0x00000006c1e00000,0x00000006c4214090,0x00000006cc900000)
 Metaspace       used 7747K, capacity 7901K, committed 8064K, reserved 1056768K
  class space    used 801K, capacity 857K, committed 896K, reserved 1048576K
}

